--- Inference Log ---
Timestamp: 2025-07-09 22:38:07
Image ID: 012
Image Path: data/raw\img\012.jpg
Status: Success

Predicted Labels:
  Node 0: company
  Node 1: company
  Node 2: address
  Node 3: address
  Node 4: other
  Node 5: other
  Node 6: other
  Node 7: other
  Node 8: other
  Node 9: other
  Node 10: other
  Node 11: other
  Node 12: date
  Node 13: other
  Node 14: other
  Node 15: other
  Node 16: other
  Node 17: item
  Node 18: other
  Node 19: other
  Node 20: other
  Node 21: other
  Node 22: other
  Node 23: other
  Node 24: other
  Node 25: other
  Node 26: other
  Node 27: other
  Node 28: other
  Node 29: other
  Node 30: total
  Node 31: other
  Node 32: other
  Node 33: other
  Node 34: other
  Node 35: other
  Node 36: other
  Node 37: other
  Node 38: other
  Node 39: other
  Node 40: other
  Node 41: other
  Node 42: other
  Node 43: other
  Node 44: other
  Node 45: other
  Node 46: other

Extracted Information:
  COMPANY: HOME MASTER HARDWARE & ELECTRICAL
  ADDRESS: NO.113G & 115G  JALAN SETIA GEMBILANG U13/BG BANDAR SETIA ALAM 
  DATE: ['22/12/2017 14:03']
  ITEM: ['24MMX7Y M.ONE TAPE']
  TOTAL: ['15.90']

--- End of Log ---
